have_var: checking for rb_trap_immediate in ruby.h,rubysig.h... -------------------- yes

"gcc -I. -I/opt/ruby-enterprise/lib/ruby/1.8/i686-darwin10.0.0 -I.   -g -O2 -pipe -fno-common   -c conftest.c"
checked program was:
/* begin */
1: #include <ruby.h>
2: #include <rubysig.h>
3: 
4: /*top*/
5: int main() { return 0; }
6: int t() { const volatile void *volatile p; p = &(&rb_trap_immediate)[0]; return 0; }
/* end */

--------------------

have_func: checking for rb_thread_blocking_region()... -------------------- no

"gcc -o conftest -I. -I/opt/ruby-enterprise/lib/ruby/1.8/i686-darwin10.0.0 -I.   -g -O2 -pipe -fno-common conftest.c  -L. -L/opt/ruby-enterprise/lib -L.      -lruby-static  -ldl -lobjc  "
conftest.c: In function ‘t’:
conftest.c:3: error: ‘rb_thread_blocking_region’ undeclared (first use in this function)
conftest.c:3: error: (Each undeclared identifier is reported only once
conftest.c:3: error: for each function it appears in.)
checked program was:
/* begin */
1: /*top*/
2: int main() { return 0; }
3: int t() { void ((*volatile p)()); p = (void ((*)()))rb_thread_blocking_region; return 0; }
/* end */

"gcc -o conftest -I. -I/opt/ruby-enterprise/lib/ruby/1.8/i686-darwin10.0.0 -I.   -g -O2 -pipe -fno-common conftest.c  -L. -L/opt/ruby-enterprise/lib -L.      -lruby-static  -ldl -lobjc  "
Undefined symbols:
  "_rb_thread_blocking_region", referenced from:
      _t in ccm6eXMH.o
ld: symbol(s) not found
collect2: ld returned 1 exit status
checked program was:
/* begin */
1: /*top*/
2: int main() { return 0; }
3: int t() { rb_thread_blocking_region(); return 0; }
/* end */

--------------------

have_func: checking for inotify_init() in sys/inotify.h... -------------------- no

"gcc -o conftest -I. -I/opt/ruby-enterprise/lib/ruby/1.8/i686-darwin10.0.0 -I.   -g -O2 -pipe -fno-common conftest.c  -L. -L/opt/ruby-enterprise/lib -L.      -lruby-static  -ldl -lobjc  "
conftest.c:1:25: error: sys/inotify.h: No such file or directory
conftest.c: In function ‘t’:
conftest.c:5: error: ‘inotify_init’ undeclared (first use in this function)
conftest.c:5: error: (Each undeclared identifier is reported only once
conftest.c:5: error: for each function it appears in.)
checked program was:
/* begin */
1: #include <sys/inotify.h>
2: 
3: /*top*/
4: int main() { return 0; }
5: int t() { void ((*volatile p)()); p = (void ((*)()))inotify_init; return 0; }
/* end */

"gcc -o conftest -I. -I/opt/ruby-enterprise/lib/ruby/1.8/i686-darwin10.0.0 -I.   -g -O2 -pipe -fno-common conftest.c  -L. -L/opt/ruby-enterprise/lib -L.      -lruby-static  -ldl -lobjc  "
conftest.c:1:25: error: sys/inotify.h: No such file or directory
checked program was:
/* begin */
1: #include <sys/inotify.h>
2: 
3: /*top*/
4: int main() { return 0; }
5: int t() { inotify_init(); return 0; }
/* end */

--------------------

have_macro: checking for __NR_inotify_init in sys/syscall.h... -------------------- no

"gcc -I. -I/opt/ruby-enterprise/lib/ruby/1.8/i686-darwin10.0.0 -I.   -g -O2 -pipe -fno-common   -c conftest.c"
conftest.c:4:3: error: #error 
conftest.c:5: error: expected identifier or ‘(’ before ‘>>’ token
checked program was:
/* begin */
1: #include <sys/syscall.h>
2: /*top*/
3: #ifndef __NR_inotify_init
4: # error
5: >>>>>> __NR_inotify_init undefined <<<<<<
6: #endif
/* end */

--------------------

have_func: checking for writev() in sys/uio.h... -------------------- yes

"gcc -o conftest -I. -I/opt/ruby-enterprise/lib/ruby/1.8/i686-darwin10.0.0 -I.   -g -O2 -pipe -fno-common conftest.c  -L. -L/opt/ruby-enterprise/lib -L.      -lruby-static  -ldl -lobjc  "
checked program was:
/* begin */
1: #include <sys/uio.h>
2: 
3: /*top*/
4: int main() { return 0; }
5: int t() { void ((*volatile p)()); p = (void ((*)()))writev; return 0; }
/* end */

--------------------

have_func: checking for rb_thread_check_ints()... -------------------- no

"gcc -o conftest -I. -I/opt/ruby-enterprise/lib/ruby/1.8/i686-darwin10.0.0 -I.   -g -O2 -pipe -fno-common conftest.c  -L. -L/opt/ruby-enterprise/lib -L.      -lruby-static  -ldl -lobjc  "
conftest.c: In function ‘t’:
conftest.c:3: error: ‘rb_thread_check_ints’ undeclared (first use in this function)
conftest.c:3: error: (Each undeclared identifier is reported only once
conftest.c:3: error: for each function it appears in.)
checked program was:
/* begin */
1: /*top*/
2: int main() { return 0; }
3: int t() { void ((*volatile p)()); p = (void ((*)()))rb_thread_check_ints; return 0; }
/* end */

"gcc -o conftest -I. -I/opt/ruby-enterprise/lib/ruby/1.8/i686-darwin10.0.0 -I.   -g -O2 -pipe -fno-common conftest.c  -L. -L/opt/ruby-enterprise/lib -L.      -lruby-static  -ldl -lobjc  "
Undefined symbols:
  "_rb_thread_check_ints", referenced from:
      _t in ccYoszIM.o
ld: symbol(s) not found
collect2: ld returned 1 exit status
checked program was:
/* begin */
1: /*top*/
2: int main() { return 0; }
3: int t() { rb_thread_check_ints(); return 0; }
/* end */

--------------------

have_func: checking for rb_time_new()... -------------------- yes

"gcc -o conftest -I. -I/opt/ruby-enterprise/lib/ruby/1.8/i686-darwin10.0.0 -I.   -g -O2 -pipe -fno-common conftest.c  -L. -L/opt/ruby-enterprise/lib -L.      -lruby-static  -ldl -lobjc  "
conftest.c: In function ‘t’:
conftest.c:3: error: ‘rb_time_new’ undeclared (first use in this function)
conftest.c:3: error: (Each undeclared identifier is reported only once
conftest.c:3: error: for each function it appears in.)
checked program was:
/* begin */
1: /*top*/
2: int main() { return 0; }
3: int t() { void ((*volatile p)()); p = (void ((*)()))rb_time_new; return 0; }
/* end */

"gcc -o conftest -I. -I/opt/ruby-enterprise/lib/ruby/1.8/i686-darwin10.0.0 -I.   -g -O2 -pipe -fno-common conftest.c  -L. -L/opt/ruby-enterprise/lib -L.      -lruby-static  -ldl -lobjc  "
checked program was:
/* begin */
1: /*top*/
2: int main() { return 0; }
3: int t() { rb_time_new(); return 0; }
/* end */

--------------------

have_header: checking for sys/event.h... -------------------- yes

"gcc -E -I. -I/opt/ruby-enterprise/lib/ruby/1.8/i686-darwin10.0.0 -I.   -g -O2 -pipe -fno-common  conftest.c -o conftest.i"
checked program was:
/* begin */
1: #include <sys/event.h>
/* end */

--------------------

have_header: checking for sys/queue.h... -------------------- yes

"gcc -E -I. -I/opt/ruby-enterprise/lib/ruby/1.8/i686-darwin10.0.0 -I.   -g -O2 -pipe -fno-common  conftest.c -o conftest.i"
checked program was:
/* begin */
1: #include <sys/queue.h>
/* end */

--------------------

package configuration for openssl
cflags: -I/opt/local/include  
ldflags: -L/opt/local/lib
libs: -lssl -lcrypto -lz  

"$(CXX) -o conftest -I. -I/opt/ruby-enterprise/lib/ruby/1.8/i686-darwin10.0.0 -I.   -g -O2 -pipe -fno-common -I/opt/local/include   conftest.c  -L. -L/opt/ruby-enterprise/lib -L.  -L/opt/local/lib     -lssl -lcrypto -lz   -lruby-static -lstdc++ -ldl -lobjc  "
sh: CXX: command not found
sh: -o: command not found
checked program was:
/* begin */
1:   #include <utility>
2:   using namespace std;
3:   int main(){ pair<int,int> tuple = make_pair(1,2); }
/* end */

